[debug] [2020-09-18T05:41:00.493Z] ----------------------------------------------------------------------
[debug] [2020-09-18T05:41:00.495Z] Command:       C:\Program Files\nodejs\node.exe C:\Users\mipc\AppData\Roaming\npm\node_modules\firebase-tools\lib\bin\firebase.js init
[debug] [2020-09-18T05:41:00.495Z] CLI Version:   8.10.0
[debug] [2020-09-18T05:41:00.495Z] Platform:      win32
[debug] [2020-09-18T05:41:00.495Z] Node Version:  v12.18.3
[debug] [2020-09-18T05:41:00.496Z] Time:          Fri Sep 18 2020 01:41:00 GMT-0400 (GMT-04:00)
[debug] [2020-09-18T05:41:00.496Z] ----------------------------------------------------------------------
[debug] [2020-09-18T05:41:00.496Z] 
[debug] [2020-09-18T05:41:00.501Z] > command requires scopes: ["email","openid","https://www.googleapis.com/auth/cloudplatformprojects.readonly","https://www.googleapis.com/auth/firebase","https://www.googleapis.com/auth/cloud-platform"]
[debug] [2020-09-18T05:41:00.501Z] > authorizing via signed-in user
[info] 
     ######## #### ########  ######## ########     ###     ######  ########
     ##        ##  ##     ## ##       ##     ##  ##   ##  ##       ##
     ######    ##  ########  ######   ########  #########  ######  ######
     ##        ##  ##    ##  ##       ##     ## ##     ##       ## ##
     ##       #### ##     ## ######## ########  ##     ##  ######  ########

You're about to initialize a Firebase project in this directory:

  D:\Proyectos\Diego\PimpineoGitHub\webpage

Before we get started, keep in mind:

  * You are initializing in an existing Firebase project directory

[debug] [2020-09-18T05:43:55.267Z] ----------------------------------------------------------------------
[debug] [2020-09-18T05:43:55.268Z] Command:       C:\Program Files\nodejs\node.exe C:\Users\mipc\AppData\Roaming\npm\node_modules\firebase-tools\lib\bin\firebase.js init
[debug] [2020-09-18T05:43:55.268Z] CLI Version:   8.10.0
[debug] [2020-09-18T05:43:55.268Z] Platform:      win32
[debug] [2020-09-18T05:43:55.269Z] Node Version:  v12.18.3
[debug] [2020-09-18T05:43:55.269Z] Time:          Fri Sep 18 2020 01:43:55 GMT-0400 (GMT-04:00)
[debug] [2020-09-18T05:43:55.270Z] ----------------------------------------------------------------------
[debug] [2020-09-18T05:43:55.270Z] 
[debug] [2020-09-18T05:43:55.274Z] > command requires scopes: ["email","openid","https://www.googleapis.com/auth/cloudplatformprojects.readonly","https://www.googleapis.com/auth/firebase","https://www.googleapis.com/auth/cloud-platform"]
[debug] [2020-09-18T05:43:55.274Z] > authorizing via signed-in user
[info] 
     ######## #### ########  ######## ########     ###     ######  ########
     ##        ##  ##     ## ##       ##     ##  ##   ##  ##       ##
     ######    ##  ########  ######   ########  #########  ######  ######
     ##        ##  ##    ##  ##       ##     ## ##     ##       ## ##
     ##       #### ##     ## ######## ########  ##     ##  ######  ########

You're about to initialize a Firebase project in this directory:

  D:\Proyectos\Diego\PimpineoGitHub\webpage

Before we get started, keep in mind:

  * You are initializing in an existing Firebase project directory

